[www.poundhoundsresq.org/index.html]
[static.wixstatic.com/media/30f7f1_fd50b090af384bea8389d48fa48bb044_mv2.jpg/v1/fill/w_32,h_32,lg_1,usm_0.66_1.00_0.01/30f7f1_fd50b090af384bea8389d48fa48bb044_mv2.jpg]
[static.parastorage.com/unpkg/core-js-bundle@3.2.1/minified.js]
[static.parastorage.com/unpkg/focus-within-polyfill@5.0.9/dist/focus-within-polyfill.js]
[polyfill.io/v3/polyfill.mind82c.js]
[browser.sentry-cdn.com/6.18.2/bundle.min.js]
[www.poundhoundsresq.org/decodeURIComponent(e]
[backblue.gif]
[fade.gif]
[index.html]
[www.poundhoundsresq.org/sitemap.xml]
[www.poundhoundsresq.org/feed.xml]
[static.parastorage.com/services/wix-thunderbolt/dist/ab-test-compilation/thunderbolt-commons.64f7fe44.bundle.min.js]
[static.parastorage.com/services/wix-thunderbolt/dist/ab-test-compilation/main.5b3e25b8.bundle.min.js]
[static.parastorage.com/unpkg/lodash@4.17.21/lodash.min.js]
[static.parastorage.com/unpkg/react@16.14.0/umd/react.production.min.js]
[static.parastorage.com/services/tag-manager-client/1.705.0/siteTags.bundle.min.js]
[static.parastorage.com/services/wix-perf-measure/1.1051.0/wix-perf-measure.umd.min.js]
[static.parastorage.com/unpkg/react-dom@16.14.0/umd/react-dom.production.min.js]
[static.wixstatic.com/media/30f7f1_954a4145c9684ae0913e29bb23748b03_mv2.jpg/v1/fill/w_100,h_100,al_c,q_80,usm_0.66_1.00_0.01,enc_auto/PHR res150.jpg]
[www.poundhoundsresq.org/cart-page.html]
[www.poundhoundsresq.org/about-us.html]
[www.poundhoundsresq.org/adopt.html]
[www.poundhoundsresq.org/application-for-adoption.html]
[www.poundhoundsresq.org/foster.html]
[www.poundhoundsresq.org/fostering-application.html]
[www.poundhoundsresq.org/adoptable-dogs.html]
[www.poundhoundsresq.org/donate]
[www.poundhoundsresq.org/contact-us.html]
[www.poundhoundsresq.org/shop.html]
[www.poundhoundsresq.org/resources.html]
[www.poundhoundsresq.org/decompression-the-first-two-weeks.html]
[www.poundhoundsresq.org/separation-anxiety.html]
[www.poundhoundsresq.org/dog-introductions.html]
[www.poundhoundsresq.org/crate-training.html]
[www.poundhoundsresq.org/housebreaking.html]
[www.poundhoundsresq.org/the-place-command.html]
[www.poundhoundsresq.org/collaborations.html]
[static.wixstatic.com/media/2dc4bd_80492cd6f5234293a43309c51df73d88_mv2.png/v1/fill/w_214,h_385,al_c,q_85,usm_0.66_1.00_0.01,enc_auto/2dc4bd_80492cd6f5234293a43309c51df73d88_mv2.png]
[static.wixstatic.com/media/2dc4bd_31f45933114f4c988d9ecac4d89b6be8_mv2_d_5/v1/fill/w_139,h_93,al_c,q_80,usm_0.66_1.00_0.01,blur_2,/2dc4bd_31f45933114f4c988d9ecac4d89b6be8_mv2_d_5003_3335_s_4_2.jpg]
[static.wixstatic.com/media/2dc4bd_6d6cb6726809429b87e744ea4893458f_mv2_d_2/v1/fill/w_139,h_93,al_c,q_80,usm_0.66_1.00_0.01,blur_2,/2dc4bd_6d6cb6726809429b87e744ea4893458f_mv2_d_2560_1707_s_2.jpg]
[static.wixstatic.com/media/2dc4bd_4c99a47da4e94e6ba74c90d5f8187b8e_mv2.png/v1/fill/w_24,h_24,al_c,q_85,blur_3,enc_auto/2dc4bd_4c99a47da4e94e6ba74c90d5f8187b8e_mv2.png]
[static.wixstatic.com/media/2dc4bd_3437ba9ead0f463f86b62d1d5c0a1d39_mv2.png/v1/fill/w_30,h_30,al_c,q_85,blur_3,enc_auto/2dc4bd_3437ba9ead0f463f86b62d1d5c0a1d39_mv2.png]
[static.wixstatic.com/media/2dc4bd_af3da663636e4abc8b9bb0dfe85e91a6_mv2.png/v1/fill/w_24,h_24,al_c,q_85,blur_3,enc_auto/2dc4bd_af3da663636e4abc8b9bb0dfe85e91a6_mv2.png]
[static.wixstatic.com/media/2dc4bd_92c7292d8a134d89a3a42f0289a45cc8_mv2.png/v1/crop/x_7,y_0,w_498,h_512/fill/w_69,h_71,al_c,q_85,usm_0.66_1.00_0.01,blur_3,e/2dc4bd_92c7292d8a134d89a3a42f0289a45cc8_mv2.28.dela]
[static.wixstatic.com/media/2dc4bd_8accdc31cbc240ef8cce055dcd8bbc88_mv2.png/v1/crop/x_7,y_0,w_498,h_512/fill/w_69,h_71,al_c,q_85,usm_0.66_1.00_0.01,blur_3,e/2dc4bd_8accdc31cbc240ef8cce055dcd8bbc88_mv2.2a.dela]
[static.wixstatic.com/media/12b5de0f8a6d4bff9fdb20e63af3b7a1.jpg/v1/fill/w_138,h_93,al_c,q_80,usm_0.66_1.00_0.01,blur_2,enc_auto/12b5de0f8a6d4bff9fdb20e63af3b7a1.jpg]
[static.wixstatic.com/media/2dc4bd_5430b95f4bb44c0c8dbc93c85a9b08f9_mv2.png/v1/crop/x_4,y_0,w_249,h_256/fill/w_69,h_71,al_c,q_85,usm_0.66_1.00_0.01,blur_3,e/2dc4bd_5430b95f4bb44c0c8dbc93c85a9b08f9_mv2.29.dela]
[static.wixstatic.com/media/2dc4bd_82ec4ec59f8f4c60b3681a84fb5c69be_mv2.png/v1/crop/x_4,y_0,w_249,h_256/fill/w_69,h_71,al_c,q_85,usm_0.66_1.00_0.01,blur_3,e/2dc4bd_82ec4ec59f8f4c60b3681a84fb5c69be_mv2.2b.dela]
[static.wixstatic.com/media/2dc4bd_99d0cf4b2fee4f598a19b952d4c21919_mv2.png/v1/crop/x_7,y_0,w_498,h_512/fill/w_69,h_71,al_c,q_85,usm_0.66_1.00_0.01,blur_3,e/2dc4bd_99d0cf4b2fee4f598a19b952d4c21919_mv2.2d.dela]
[static.wixstatic.com/media/2dc4bd_1c6dce5f2b83490cad15e40e91ef66f5_mv2.png/v1/crop/x_4,y_0,w_249,h_256/fill/w_69,h_71,al_c,q_85,usm_0.66_1.00_0.01,blur_3,e/2dc4bd_1c6dce5f2b83490cad15e40e91ef66f5_mv2.2c.dela]
[static.wixstatic.com/media/30f7f1_9e1b4007077b4985964ad721c331cd8b_mv2.png/v1/fill/w_122,h_94,al_c,q_85,usm_0.66_1.00_0.01,blur_3,enc_auto/unnamed_edited.png]
[static.wixstatic.com/media/30f7f1_308077662c1b46d5bf0173cb9eef51ad_mv2.png/v1/fill/w_125,h_94,al_c,q_85,usm_0.66_1.00_0.01,blur_3,enc_auto/2019-top-rated-awards-badge-embed.png]
[static.wixstatic.com/media/30f7f1_dce5a027ef2a410b8c2aeedd4b01a3fe_mv2.png/v1/fill/w_117,h_88,al_c,q_85,usm_0.66_1.00_0.01,blur_3,enc_auto/2021-top-rated-awards-badge-hi-res-1.png]
[static.wixstatic.com/media/30f7f1_5a0cb9fed91244c0bda127c32bc77e0f_mv2.png/v1/fill/w_101,h_101,al_c,q_85,usm_0.66_1.00_0.01,blur_3,enc_auto/guidestar-silver-seal-2021-small.png]
[static.wixstatic.com/media/30f7f1_f93dedb8cf274192bfed7f1d52275069_mv2.png/v1/fill/w_176,h_88,al_c,q_85,blur_3,enc_auto/SAC_Logo_Tageline_fd600a36fc_svg.png]
[static.wixstatic.com/media/30f7f1_eb8f0a6e778345feb55920b1c966df8b_mv2.png/v1/fill/w_157,h_64,al_c,q_85,blur_3,enc_auto/ACC NYC1-6.png]
[static.wixstatic.com/media/30f7f1_a7f682f21ada44158cc76e1559cb16d1_mv2.png/v1/fill/w_125,h_94,al_c,q_85,usm_0.66_1.00_0.01,blur_3,enc_auto/2022-top-rated-awards-badge-hi-res.png]
[www.poundhoundsresq.org/index.html]
[www.poundhoundsresq.org/decodeURIComponent(e.html]
[www.poundhoundsresq.org/feed.html]
[static.parastorage.com/services/wix-thunderbolt/dist/thunderbolt-commons.3b2efc83.bundle.min.js]
[www.poundhoundsresq.org/cart-page.html]
[static.parastorage.com/services/wix-thunderbolt/dist/main.052c35e8.bundle.min.js]
[static.parastorage.com/services/wix-code-platform/1.1097.93/elementory-browser-support.min.js]
[static.wixstatic.com/media/2dc4bd_446a2928499443b083cfc35c7533a5fc_mv2.jpg/v1/fill/w_147,h_74,al_c,q_80,usm_0.66_1.00_0.01,blur_2,enc_auto/2dc4bd_446a2928499443b083cfc35c7533a5fc_mv2.jpg]
[static.wixstatic.com/media/30f7f1_9aa53f3ea1704245a18f3977dfaad926_mv2.jpg/v1/fill/w_123,h_93,al_c,q_80,usm_0.66_1.00_0.01,blur_2,enc_auto/30f7f1_9aa53f3ea1704245a18f3977dfaad926_mv2.jpg]
[static.wixstatic.com/media/30f7f1_1c31b054f24a464280e39eaf0e979f12_mv2.jpg/v1/fill/w_123,h_93,al_c,q_80,usm_0.66_1.00_0.01,blur_2,enc_auto/30f7f1_1c31b054f24a464280e39eaf0e979f12_mv2.jpg]
[static.wixstatic.com/media/fd72259178fc4385bc0819657ff8dce4.jpg/v1/fill/w_147,h_60,al_c,q_80,usm_0.66_1.00_0.01,blur_2,enc_auto/fd72259178fc4385bc0819657ff8dce4.jpg]
[www.poundhoundsresq.org/about-us.html]
[static.wixstatic.com/media/c6ea9aafcd27494d893e49d1caa5e9db.jpg/v1/fill/w_139,h_93,al_c,q_80,usm_0.66_1.00_0.01,blur_2,enc_auto/c6ea9aafcd27494d893e49d1caa5e9db.jpg]
[www.poundhoundsresq.org/adopt.html]
[www.poundhoundsresq.org/application-for-adoption.html]
[static.wixstatic.com/media/nsplsh_7252567652617567484c45_mv2_d_6016_4016_s_4_2.jpg/v1/fill/w_138,h_92,al_c,q_80,usm_0.66_1.00_0.01,blur_2,enc_auto/nsplsh_7252567652617567484c45_mv2_d_6016_4016_s_4_2.jpg]
[www.poundhoundsresq.org/foster.html]
[www.poundhoundsresq.org/fostering-application.html]
[static.wixstatic.com/media/30f7f1_0cea5e818c434396ac8131d186f367c2_mv2.jpg/v1/fill/w_123,h_93,al_c,q_80,usm_0.66_1.00_0.01,blur_2,enc_auto/30f7f1_0cea5e818c434396ac8131d186f367c2_mv2.jpg]
[www.poundhoundsresq.org/adoptable-dogs.html]
[static.wixstatic.com/media/2dc4bd_608f145145f742acbaac4bc39ae2aa7c_mv2_d_3/v1/fill/w_139,h_93,al_c,q_80,usm_0.66_1.00_0.01,blur_2,/2dc4bd_608f145145f742acbaac4bc39ae2aa7c_mv2_d_3677_2456_s_4_2.jpg]
[static.wixstatic.com/media/30f7f1_8afe61f655164b76914fe51de936d895_mv2.png/v1/crop/x_1,y_0,w_62,h_64/fill/w_69,h_71,al_c,lg_1,q_85,blur_3,enc_auto/sitting-dog_2.png]
[static.wixstatic.com/media/30f7f1_b2782b24b34f4dbba788fb5f3ce81855_mv2.png/v1/crop/x_1,y_0,w_62,h_64/fill/w_69,h_71,al_c,lg_1,q_85,blur_3,enc_auto/cone-of-shame_2.png]
[static.wixstatic.com/media/30f7f1_df01d62cc83e4966959dbaac56f2fa0b_mv2.png/v1/crop/x_1,y_0,w_62,h_64/fill/w_69,h_71,al_c,lg_1,q_85,blur_3,enc_auto/home_2.png]
[www.poundhoundsresq.org/donate]
[static.wixstatic.com/media/2dc4bd_56ab77fddb0e4a508caf6676d43e109f_mv2_d_4/v1/fill/w_139,h_93,al_c,q_80,usm_0.66_1.00_0.01,blur_2,/2dc4bd_56ab77fddb0e4a508caf6676d43e109f_mv2_d_4459_2973_s_4_2.jpg]
[www.poundhoundsresq.org/contact-us.html]
[static.wixstatic.com/media/21ff2961e4d94522b96543b873b063dc.png/v1/fill/w_121,h_107,al_c,q_85,blur_1,enc_auto/21ff2961e4d94522b96543b873b063dc.png]
[static.wixstatic.com/media/89bc7c60cddd4d8f8276421818d1bcc4.jpg/v1/fill/w_93,h_93,al_c,q_80,usm_0.66_1.00_0.01,blur_2,enc_auto/89bc7c60cddd4d8f8276421818d1bcc4.jpg]
[static.wixstatic.com/media/30f7f1_91f1fd7a10bb437aaf55226e2dc890e4_mv2.jpg/v1/fill/w_147,h_147,al_c,q_80,usm_0.66_1.00_0.01,blur_2,enc_auto/30f7f1_91f1fd7a10bb437aaf55226e2dc890e4_mv2.jpg]
[www.poundhoundsresq.org/product-page/lil-devil-bandana.html]
[www.poundhoundsresq.org/product-page/pumpkin-bandana.html]
[static.wixstatic.com/media/30f7f1_7e591c6f00d3480f88a9d29eac91228a_mv2.jpg/v1/fill/w_147,h_147,al_c,q_80,usm_0.66_1.00_0.01,blur_2,enc_auto/30f7f1_7e591c6f00d3480f88a9d29eac91228a_mv2.jpg]
[www.poundhoundsresq.org/product-page/ghost-bandana.html]
[static.wixstatic.com/media/30f7f1_98f5561bec824ce8a338acccb79f38f3_mv2.jpg/v1/fill/w_147,h_147,al_c,q_80,usm_0.66_1.00_0.01,blur_2,enc_auto/30f7f1_98f5561bec824ce8a338acccb79f38f3_mv2.jpg]
[www.poundhoundsresq.org/product-page/lil-angel-bandana.html]
[static.wixstatic.com/media/30f7f1_c7dcdbe06c4340b79225cb6439a0e52b_mv2.jpg/v1/fill/w_147,h_147,al_c,q_80,usm_0.66_1.00_0.01,blur_2,enc_auto/30f7f1_c7dcdbe06c4340b79225cb6439a0e52b_mv2.jpg]
[static.wixstatic.com/media/30f7f1_15816681a9da49799639fc041b894093_mv2.jpeg/v1/fill/w_147,h_184,al_c,q_80,usm_0.66_1.00_0.01,blur_2,enc_auto/30f7f1_15816681a9da49799639fc041b894093_mv2.jpg]
[www.poundhoundsresq.org/product-page/phr-logo-short-sleeve-t-shirt-womens.html]
[static.wixstatic.com/media/30f7f1_dc0c4521c5fc448b9ea6214b9a467493_mv2.jpg/v1/fill/w_147,h_184,al_c,q_80,usm_0.66_1.00_0.01,blur_2,enc_auto/30f7f1_dc0c4521c5fc448b9ea6214b9a467493_mv2.jpg]
[www.poundhoundsresq.org/product-page/pound-hounds-res-q-logo-t-shirt.html]
[www.poundhoundsresq.org/product-page/phr-logo-long-sleeve-womens.html]
[static.wixstatic.com/media/30f7f1_44068af5b04d4fbf80682c5441e5fe42_mv2.jpeg/v1/fill/w_147,h_184,al_c,q_80,usm_0.66_1.00_0.01,blur_2,enc_auto/30f7f1_44068af5b04d4fbf80682c5441e5fe42_mv2.jpg]
[static.wixstatic.com/media/30f7f1_baf7afa3fe604e4bbaa4a6f57934b57d_mv2.jpg/v1/fill/w_147,h_184,al_c,q_80,usm_0.66_1.00_0.01,blur_2,enc_auto/30f7f1_baf7afa3fe604e4bbaa4a6f57934b57d_mv2.jpg]
[www.poundhoundsresq.org/product-page/pound-hounds-resq-paint-strip-shirt-long-sleeve.html]
[www.poundhoundsresq.org/product-page/phr-logo-pullover-hoodie-womens.html]
[static.wixstatic.com/media/30f7f1_d27dcb8587514d128399d24d9e8f1887_mv2.jpg/v1/fill/w_147,h_184,al_c,q_80,usm_0.66_1.00_0.01,blur_2,enc_auto/30f7f1_d27dcb8587514d128399d24d9e8f1887_mv2.jpg]
[static.wixstatic.com/media/30f7f1_5a70f63e3bac4d349c02c6ab1cd00fa1_mv2.jpg/v1/fill/w_147,h_184,al_c,q_80,usm_0.66_1.00_0.01,blur_2,enc_auto/30f7f1_5a70f63e3bac4d349c02c6ab1cd00fa1_mv2.jpg]
[www.poundhoundsresq.org/product-page/pound-hounds-res-q-logo-zip-up-hoodie.html]
[www.poundhoundsresq.org/product-page/pound-hounds-resq-paint-strip-shirt-short-sleeve-mens.html]
[www.poundhoundsresq.org/product-page/phr-logo-short-sleeve-t-shirt-mens.html]
[www.poundhoundsresq.org/product-page/pound-hounds-resq-paint-strip-shirt-long-sleeve-mens.html]
[www.poundhoundsresq.org/product-page/phr-logo-long-sleeve-mens.html]
[www.poundhoundsresq.org/product-page/phr-logo-pullover-hoodie-mens.html]
[www.poundhoundsresq.org/product-page/phr-mask.html]
[www.poundhoundsresq.org/product-page/pound-hounds-res-q-logo-pullover-hoodie.html]
[static.wixstatic.com/media/30f7f1_e32901e12fad407a9e3f3b4ebf0c4f8a_mv2.jpg/v1/fill/w_147,h_110,al_c,q_80,usm_0.66_1.00_0.01,blur_2,enc_auto/30f7f1_e32901e12fad407a9e3f3b4ebf0c4f8a_mv2.jpg]
[www.poundhoundsresq.org/product-page/pound-hounds-logo-cap.html]
[static.wixstatic.com/media/30f7f1_d3997d6bb6594991bbe6588774223fee_mv2.jpg/v1/fill/w_147,h_184,al_c,q_80,usm_0.66_1.00_0.01,blur_2,enc_auto/30f7f1_d3997d6bb6594991bbe6588774223fee_mv2.jpg]
[www.poundhoundsresq.org/shop.html]
[www.poundhoundsresq.org/shop4658.html]
[static.wixstatic.com/media/dff42879b6cf434ebd8844ce0e56da06.jpg/v1/fill/w_93,h_93,al_c,q_80,usm_0.66_1.00_0.01,blur_2,enc_auto/dff42879b6cf434ebd8844ce0e56da06.jpg]
[www.poundhoundsresq.org/resources.html]
[www.poundhoundsresq.org/decompression-the-first-two-weeks.html]
[www.poundhoundsresq.org/separation-anxiety.html]
[www.poundhoundsresq.org/dog-introductions.html]
[www.poundhoundsresq.org/crate-training.html]
[www.poundhoundsresq.org/housebreaking.html]
[www.poundhoundsresq.org/the-place-command.html]
[static.wixstatic.com/media/2dc4bd_63c618667b704b439f15b975d54e8504_mv2_d_1/v1/fill/w_139,h_93,al_c,q_80,usm_0.66_1.00_0.01,blur_2,/2dc4bd_63c618667b704b439f15b975d54e8504_mv2_d_1920_1279_s_2.jpg]
[static.wixstatic.com/media/2dc4bd_f22425429f7a4c69939c12b8897466fe_mv2.jpg/v1/fill/w_150,h_150,al_c,lg_1,q_80,enc_auto/2dc4bd_f22425429f7a4c69939c12b8897466fe_mv2.jpg]
[static.wixstatic.com/media/30f7f1_c93e06b8f9504a1da2620deea5ac1e13_mv2.png/v1/fill/w_169,h_73,al_c,q_85,usm_0.66_1.00_0.01,enc_auto/logo.png]
[static.wixstatic.com/media/2dc4bd_2e27f83fbe8e45f5a05cb9f739bbeaf3_mv2.png/v1/fill/w_140,h_137,al_c,q_85,usm_0.66_1.00_0.01,enc_auto/2dc4bd_2e27f83fbe8e45f5a05cb9f739bbeaf3_mv2.png]
[static.wixstatic.com/media/2dc4bd_66bbe19de6904a8fa02ca84c77d1ff13_mv2.png/v1/fill/w_150,h_150,al_c,lg_1,q_85,blur_3,enc_auto/2dc4bd_66bbe19de6904a8fa02ca84c77d1ff13_mv2.png]
[static.wixstatic.com/media/2dc4bd_9371507acfdf4fd49baf45bd701f310c_mv2.jpg/v1/fill/w_150,h_150,al_c,lg_1,q_80,blur_3,enc_auto/2dc4bd_9371507acfdf4fd49baf45bd701f310c_mv2.jpg]
[static.wixstatic.com/media/2dc4bd_8716bff809d646218c4ce05ce28d8a67_mv2.png/v1/fill/w_138,h_141,al_c,q_85,usm_0.66_1.00_0.01,enc_auto/2dc4bd_8716bff809d646218c4ce05ce28d8a67_mv2.png]
[static.wixstatic.com/media/2dc4bd_76bd155c9bed4456867d0e2bdbaed743_mv2.png/v1/crop/x_3,y_11,w_131,h_131/fill/w_126,h_126,al_c,q_85,usm_0.66_1.00_0.01,blur_3/2dc4bd_76bd155c9bed4456867d0e2bdbaed743_mv2.6e.del]
[static.wixstatic.com/media/2dc4bd_ded5df10d9bb4ed1a0d30c35bcf3f6da_mv2.jpg/v1/fill/w_143,h_143,al_c,lg_1,q_80,blur_3,enc_auto/2dc4bd_ded5df10d9bb4ed1a0d30c35bcf3f6da_mv2.jpg]
[static.wixstatic.com/media/2dc4bd_bfbfb1b9610d4d89b4eaa00c160bb45d_mv2.jpg/v1/fill/w_144,h_144,al_c,lg_1,q_80,blur_3,enc_auto/2dc4bd_bfbfb1b9610d4d89b4eaa00c160bb45d_mv2.jpg]
[static.wixstatic.com/media/2dc4bd_b9e7b7570d7148ce93b14cf4cf5ab21d_mv2.jpg/v1/fill/w_142,h_142,al_c,q_80,blur_3,enc_auto/2dc4bd_b9e7b7570d7148ce93b14cf4cf5ab21d_mv2.jpg]
[static.wixstatic.com/media/30f7f1_c3f420c89cc74676895d100db52204f9_mv2.jpg/v1/crop/x_0,y_0,w_277,h_277/fill/w_150,h_150,al_c,q_80,usm_0.66_1.00_0.01,blur_3,enc_auto/BPF Logo.jpg]
[static.wixstatic.com/media/2dc4bd_6660f875a9e34aa399cad9425e63e819_mv2.jpg/v1/fill/w_150,h_150,al_c,lg_1,q_80,blur_3,enc_auto/2dc4bd_6660f875a9e34aa399cad9425e63e819_mv2.jpg]
[static.wixstatic.com/media/30f7f1_167ceba6b45840909c541308ddb82fb7_mv2.png/v1/fill/w_149,h_124,al_c,q_85,usm_0.66_1.00_0.01,blur_3,enc_auto/Badge--ProudParticipant300x250.png]
[static.wixstatic.com/media/2dc4bd_5c9717501e814ddb9535ab1c56aef771_mv2.jpg/v1/fill/w_142,h_142,al_c,q_80,blur_3,enc_auto/2dc4bd_5c9717501e814ddb9535ab1c56aef771_mv2.jpg]
[www.poundhoundsresq.org/collaborations.html]
[www.poundhoundsresq.org/product-page/decodeURIComponent(e.html]
[www.poundhoundsresq.org/product-page/sitemap.xml]
[www.poundhoundsresq.org/product-page/robots.html]
[www.poundhoundsresq.org/product-page/feed.xml]
[www.poundhoundsresq.org/home-1.html]
[static.wixstatic.com/media/30f7f1_91f1fd7a10bb437aaf55226e2dc890e4_mv2.jpg/v1/fill/w_996,h_996,al_c,q_85,usm_0.66_1.00_0.01/30f7f1_91f1fd7a10bb437aaf55226e2dc890e4_mv2.jpg]
[static.wixstatic.com/media/30f7f1_91f1fd7a10bb437aaf55226e2dc890e4_mv2.jpg/v1/fill/w_498,h_498,al_c,q_50,usm_0.66_1.00_0.01/30f7f1_91f1fd7a10bb437aaf55226e2dc890e4_mv2.jpg]
[static.wixstatic.com/media/30f7f1_5860eac338f34b9e9425db2c49579311_mv2.jpg/v1/fill/w_996,h_996,al_c,q_85,usm_0.66_1.00_0.01/30f7f1_5860eac338f34b9e9425db2c49579311_mv2.jpg]
[static.wixstatic.com/media/30f7f1_25d75643341847a69db6b496acf5a16b_mv2.jpg/v1/fill/w_996,h_996,al_c,q_85,usm_0.66_1.00_0.01/30f7f1_25d75643341847a69db6b496acf5a16b_mv2.jpg]
[static.wixstatic.com/media/30f7f1_8a319310c891442da5618a361648351c_mv2.jpg/v1/fill/w_996,h_996,al_c,q_85,usm_0.66_1.00_0.01/30f7f1_8a319310c891442da5618a361648351c_mv2.jpg]
[static.wixstatic.com/media/30f7f1_14f435d48abf4faca9f401e621b0b0a9_mv2.jpg/v1/fill/w_996,h_996,al_c,q_85,usm_0.66_1.00_0.01/30f7f1_14f435d48abf4faca9f401e621b0b0a9_mv2.jpg]
[static.wixstatic.com/media/30f7f1_8f8c9875efb3444daa081109128780c3_mv2.jpg/v1/fill/w_996,h_996,al_c,q_85,usm_0.66_1.00_0.01/30f7f1_8f8c9875efb3444daa081109128780c3_mv2.jpg]
[static.wixstatic.com/media/30f7f1_0d6b233489cf4aeeadca91b0939083ae_mv2.jpg/v1/fill/w_996,h_996,al_c,q_85,usm_0.66_1.00_0.01/30f7f1_0d6b233489cf4aeeadca91b0939083ae_mv2.jpg]
[static.wixstatic.com/media/30f7f1_7876c30614f54343b791c01757dddc9f_mv2.jpg/v1/fill/w_996,h_996,al_c,q_85,usm_0.66_1.00_0.01/30f7f1_7876c30614f54343b791c01757dddc9f_mv2.jpg]
[static.wixstatic.com/media/30f7f1_1663e08421e845d19596982d582b761d_mv2.jpg/v1/fill/w_996,h_996,al_c,q_85,usm_0.66_1.00_0.01/30f7f1_1663e08421e845d19596982d582b761d_mv2.jpg]
[static.wixstatic.com/media/30f7f1_91f1fd7a10bb437aaf55226e2dc890e4_mv2.jpg/v1/fill/w_45,h_45,al_c,q_50,usm_0.66_1.00_0.01/30f7f1_91f1fd7a10bb437aaf55226e2dc890e4_mv2.jpg]
[static.wixstatic.com/media/30f7f1_5860eac338f34b9e9425db2c49579311_mv2.jpg/v1/fill/w_45,h_45,al_c,q_50,usm_0.66_1.00_0.01/30f7f1_5860eac338f34b9e9425db2c49579311_mv2.jpg]
[static.wixstatic.com/media/30f7f1_25d75643341847a69db6b496acf5a16b_mv2.jpg/v1/fill/w_45,h_45,al_c,q_50,usm_0.66_1.00_0.01/30f7f1_25d75643341847a69db6b496acf5a16b_mv2.jpg]
[static.wixstatic.com/media/30f7f1_8a319310c891442da5618a361648351c_mv2.jpg/v1/fill/w_45,h_45,al_c,q_50,usm_0.66_1.00_0.01/30f7f1_8a319310c891442da5618a361648351c_mv2.jpg]
[static.wixstatic.com/media/30f7f1_14f435d48abf4faca9f401e621b0b0a9_mv2.jpg/v1/fill/w_45,h_45,al_c,q_50,usm_0.66_1.00_0.01/30f7f1_14f435d48abf4faca9f401e621b0b0a9_mv2.jpg]
[static.wixstatic.com/media/30f7f1_8f8c9875efb3444daa081109128780c3_mv2.jpg/v1/fill/w_45,h_45,al_c,q_50,usm_0.66_1.00_0.01/30f7f1_8f8c9875efb3444daa081109128780c3_mv2.jpg]
[static.wixstatic.com/media/30f7f1_0d6b233489cf4aeeadca91b0939083ae_mv2.jpg/v1/fill/w_45,h_45,al_c,q_50,usm_0.66_1.00_0.01/30f7f1_0d6b233489cf4aeeadca91b0939083ae_mv2.jpg]
[static.wixstatic.com/media/30f7f1_7876c30614f54343b791c01757dddc9f_mv2.jpg/v1/fill/w_45,h_45,al_c,q_50,usm_0.66_1.00_0.01/30f7f1_7876c30614f54343b791c01757dddc9f_mv2.jpg]
[static.wixstatic.com/media/30f7f1_1663e08421e845d19596982d582b761d_mv2.jpg/v1/fill/w_45,h_45,al_c,q_50,usm_0.66_1.00_0.01/30f7f1_1663e08421e845d19596982d582b761d_mv2.jpg]
[www.poundhoundsresq.org/product-page/lil-devil-bandana.html]
[static.wixstatic.com/media/30f7f1_7e591c6f00d3480f88a9d29eac91228a_mv2.jpg/v1/fill/w_996,h_996,al_c,q_85,usm_0.66_1.00_0.01/30f7f1_7e591c6f00d3480f88a9d29eac91228a_mv2.jpg]
[static.wixstatic.com/media/30f7f1_7e591c6f00d3480f88a9d29eac91228a_mv2.jpg/v1/fill/w_498,h_498,al_c,q_50,usm_0.66_1.00_0.01/30f7f1_7e591c6f00d3480f88a9d29eac91228a_mv2.jpg]
[static.wixstatic.com/media/30f7f1_ff15d9ad1ed04a43ad04e2ea8ab2081b_mv2.jpg/v1/fill/w_996,h_996,al_c,q_85,usm_0.66_1.00_0.01/30f7f1_ff15d9ad1ed04a43ad04e2ea8ab2081b_mv2.jpg]
[static.wixstatic.com/media/30f7f1_4e4e2c28064f4b7196466960db85e8f1_mv2.jpg/v1/fill/w_996,h_996,al_c,q_85,usm_0.66_1.00_0.01/30f7f1_4e4e2c28064f4b7196466960db85e8f1_mv2.jpg]
[static.wixstatic.com/media/30f7f1_34fb89352a294cd78289fdb9897783be_mv2.jpg/v1/fill/w_996,h_996,al_c,q_85,usm_0.66_1.00_0.01/30f7f1_34fb89352a294cd78289fdb9897783be_mv2.jpg]
[static.wixstatic.com/media/30f7f1_9d412efd9d624176b468d16a6a270872_mv2.jpg/v1/fill/w_996,h_996,al_c,q_85,usm_0.66_1.00_0.01/30f7f1_9d412efd9d624176b468d16a6a270872_mv2.jpg]
[static.wixstatic.com/media/30f7f1_ae73d6c86c7b4ee6924aef7e2e1f49a4_mv2.jpg/v1/fill/w_996,h_996,al_c,q_85,usm_0.66_1.00_0.01/30f7f1_ae73d6c86c7b4ee6924aef7e2e1f49a4_mv2.jpg]
[static.wixstatic.com/media/30f7f1_3b8ddd24969f4c4a9aa5f72d33bd30ee_mv2.jpg/v1/fill/w_996,h_996,al_c,q_85,usm_0.66_1.00_0.01/30f7f1_3b8ddd24969f4c4a9aa5f72d33bd30ee_mv2.jpg]
[static.wixstatic.com/media/30f7f1_95b80346db2149b5ab9ac621ec636091_mv2.jpg/v1/fill/w_996,h_996,al_c,q_85,usm_0.66_1.00_0.01/30f7f1_95b80346db2149b5ab9ac621ec636091_mv2.jpg]
[static.wixstatic.com/media/30f7f1_16f6fc1599bf4b2b8b561a33cce06d0b_mv2.jpg/v1/fill/w_996,h_996,al_c,q_85,usm_0.66_1.00_0.01/30f7f1_16f6fc1599bf4b2b8b561a33cce06d0b_mv2.jpg]
[static.wixstatic.com/media/30f7f1_7e591c6f00d3480f88a9d29eac91228a_mv2.jpg/v1/fill/w_45,h_45,al_c,q_50,usm_0.66_1.00_0.01/30f7f1_7e591c6f00d3480f88a9d29eac91228a_mv2.jpg]
[static.wixstatic.com/media/30f7f1_ff15d9ad1ed04a43ad04e2ea8ab2081b_mv2.jpg/v1/fill/w_45,h_45,al_c,q_50,usm_0.66_1.00_0.01/30f7f1_ff15d9ad1ed04a43ad04e2ea8ab2081b_mv2.jpg]
[static.wixstatic.com/media/30f7f1_4e4e2c28064f4b7196466960db85e8f1_mv2.jpg/v1/fill/w_45,h_45,al_c,q_50,usm_0.66_1.00_0.01/30f7f1_4e4e2c28064f4b7196466960db85e8f1_mv2.jpg]
[static.wixstatic.com/media/30f7f1_34fb89352a294cd78289fdb9897783be_mv2.jpg/v1/fill/w_45,h_45,al_c,q_50,usm_0.66_1.00_0.01/30f7f1_34fb89352a294cd78289fdb9897783be_mv2.jpg]
[static.wixstatic.com/media/30f7f1_9d412efd9d624176b468d16a6a270872_mv2.jpg/v1/fill/w_45,h_45,al_c,q_50,usm_0.66_1.00_0.01/30f7f1_9d412efd9d624176b468d16a6a270872_mv2.jpg]
[static.wixstatic.com/media/30f7f1_ae73d6c86c7b4ee6924aef7e2e1f49a4_mv2.jpg/v1/fill/w_45,h_45,al_c,q_50,usm_0.66_1.00_0.01/30f7f1_ae73d6c86c7b4ee6924aef7e2e1f49a4_mv2.jpg]
[static.wixstatic.com/media/30f7f1_3b8ddd24969f4c4a9aa5f72d33bd30ee_mv2.jpg/v1/fill/w_45,h_45,al_c,q_50,usm_0.66_1.00_0.01/30f7f1_3b8ddd24969f4c4a9aa5f72d33bd30ee_mv2.jpg]
[static.wixstatic.com/media/30f7f1_95b80346db2149b5ab9ac621ec636091_mv2.jpg/v1/fill/w_45,h_45,al_c,q_50,usm_0.66_1.00_0.01/30f7f1_95b80346db2149b5ab9ac621ec636091_mv2.jpg]
[static.wixstatic.com/media/30f7f1_16f6fc1599bf4b2b8b561a33cce06d0b_mv2.jpg/v1/fill/w_45,h_45,al_c,q_50,usm_0.66_1.00_0.01/30f7f1_16f6fc1599bf4b2b8b561a33cce06d0b_mv2.jpg]
[www.poundhoundsresq.org/product-page/pumpkin-bandana.html]
[static.wixstatic.com/media/30f7f1_98f5561bec824ce8a338acccb79f38f3_mv2.jpg/v1/fill/w_996,h_996,al_c,q_85,usm_0.66_1.00_0.01/30f7f1_98f5561bec824ce8a338acccb79f38f3_mv2.jpg]
[static.wixstatic.com/media/30f7f1_98f5561bec824ce8a338acccb79f38f3_mv2.jpg/v1/fill/w_498,h_498,al_c,q_50,usm_0.66_1.00_0.01/30f7f1_98f5561bec824ce8a338acccb79f38f3_mv2.jpg]
[static.wixstatic.com/media/30f7f1_3ddcd4b1160c44b69156b872fc143ec9_mv2.jpg/v1/fill/w_996,h_996,al_c,q_85,usm_0.66_1.00_0.01/30f7f1_3ddcd4b1160c44b69156b872fc143ec9_mv2.jpg]
[static.wixstatic.com/media/30f7f1_98657c34279440ffb0c15490630eb3b9_mv2.jpg/v1/fill/w_996,h_996,al_c,q_85,usm_0.66_1.00_0.01/30f7f1_98657c34279440ffb0c15490630eb3b9_mv2.jpg]
[static.wixstatic.com/media/30f7f1_7da1cba3c6f14acdab760f5f3a8265d0_mv2.jpg/v1/fill/w_996,h_996,al_c,q_85,usm_0.66_1.00_0.01/30f7f1_7da1cba3c6f14acdab760f5f3a8265d0_mv2.jpg]
[static.wixstatic.com/media/30f7f1_efaba10711274416bb3b972112c06a53_mv2.jpg/v1/fill/w_996,h_996,al_c,q_85,usm_0.66_1.00_0.01/30f7f1_efaba10711274416bb3b972112c06a53_mv2.jpg]
[static.wixstatic.com/media/30f7f1_2e4cbeb547594fefb74916bb7d42d9c3_mv2.jpg/v1/fill/w_996,h_996,al_c,q_85,usm_0.66_1.00_0.01/30f7f1_2e4cbeb547594fefb74916bb7d42d9c3_mv2.jpg]
[static.wixstatic.com/media/30f7f1_8e7647bfe7e4496b90bc7151e16c8237_mv2.jpg/v1/fill/w_996,h_996,al_c,q_85,usm_0.66_1.00_0.01/30f7f1_8e7647bfe7e4496b90bc7151e16c8237_mv2.jpg]
[static.wixstatic.com/media/30f7f1_7670156e6cb64322ad2257037c457be6_mv2.jpg/v1/fill/w_996,h_996,al_c,q_85,usm_0.66_1.00_0.01/30f7f1_7670156e6cb64322ad2257037c457be6_mv2.jpg]
[static.wixstatic.com/media/30f7f1_58a64794337a4660824f2cc585b1376e_mv2.jpg/v1/fill/w_996,h_996,al_c,q_85,usm_0.66_1.00_0.01/30f7f1_58a64794337a4660824f2cc585b1376e_mv2.jpg]
[static.wixstatic.com/media/30f7f1_98f5561bec824ce8a338acccb79f38f3_mv2.jpg/v1/fill/w_45,h_45,al_c,q_50,usm_0.66_1.00_0.01/30f7f1_98f5561bec824ce8a338acccb79f38f3_mv2.jpg]
[static.wixstatic.com/media/30f7f1_3ddcd4b1160c44b69156b872fc143ec9_mv2.jpg/v1/fill/w_45,h_45,al_c,q_50,usm_0.66_1.00_0.01/30f7f1_3ddcd4b1160c44b69156b872fc143ec9_mv2.jpg]
[static.wixstatic.com/media/30f7f1_98657c34279440ffb0c15490630eb3b9_mv2.jpg/v1/fill/w_45,h_45,al_c,q_50,usm_0.66_1.00_0.01/30f7f1_98657c34279440ffb0c15490630eb3b9_mv2.jpg]
[static.wixstatic.com/media/30f7f1_7da1cba3c6f14acdab760f5f3a8265d0_mv2.jpg/v1/fill/w_45,h_45,al_c,q_50,usm_0.66_1.00_0.01/30f7f1_7da1cba3c6f14acdab760f5f3a8265d0_mv2.jpg]
[static.wixstatic.com/media/30f7f1_efaba10711274416bb3b972112c06a53_mv2.jpg/v1/fill/w_45,h_45,al_c,q_50,usm_0.66_1.00_0.01/30f7f1_efaba10711274416bb3b972112c06a53_mv2.jpg]
[static.wixstatic.com/media/30f7f1_2e4cbeb547594fefb74916bb7d42d9c3_mv2.jpg/v1/fill/w_45,h_45,al_c,q_50,usm_0.66_1.00_0.01/30f7f1_2e4cbeb547594fefb74916bb7d42d9c3_mv2.jpg]
[static.wixstatic.com/media/30f7f1_8e7647bfe7e4496b90bc7151e16c8237_mv2.jpg/v1/fill/w_45,h_45,al_c,q_50,usm_0.66_1.00_0.01/30f7f1_8e7647bfe7e4496b90bc7151e16c8237_mv2.jpg]
[static.wixstatic.com/media/30f7f1_7670156e6cb64322ad2257037c457be6_mv2.jpg/v1/fill/w_45,h_45,al_c,q_50,usm_0.66_1.00_0.01/30f7f1_7670156e6cb64322ad2257037c457be6_mv2.jpg]
[static.wixstatic.com/media/30f7f1_58a64794337a4660824f2cc585b1376e_mv2.jpg/v1/fill/w_45,h_45,al_c,q_50,usm_0.66_1.00_0.01/30f7f1_58a64794337a4660824f2cc585b1376e_mv2.jpg]
[www.poundhoundsresq.org/product-page/ghost-bandana.html]
[static.wixstatic.com/media/30f7f1_c7dcdbe06c4340b79225cb6439a0e52b_mv2.jpg/v1/fill/w_996,h_996,al_c,q_85,usm_0.66_1.00_0.01/30f7f1_c7dcdbe06c4340b79225cb6439a0e52b_mv2.jpg]
[static.wixstatic.com/media/30f7f1_c7dcdbe06c4340b79225cb6439a0e52b_mv2.jpg/v1/fill/w_498,h_498,al_c,q_50,usm_0.66_1.00_0.01/30f7f1_c7dcdbe06c4340b79225cb6439a0e52b_mv2.jpg]
[static.wixstatic.com/media/30f7f1_3608185ab6ab483c93705c64c7f57031_mv2.jpg/v1/fill/w_996,h_996,al_c,q_85,usm_0.66_1.00_0.01/30f7f1_3608185ab6ab483c93705c64c7f57031_mv2.jpg]
[static.wixstatic.com/media/30f7f1_6afdb0ce7aa84a129701592ff1e53687_mv2.jpg/v1/fill/w_996,h_996,al_c,q_85,usm_0.66_1.00_0.01/30f7f1_6afdb0ce7aa84a129701592ff1e53687_mv2.jpg]
[static.wixstatic.com/media/30f7f1_9f54ff12b3ac448a9c8299d0b75e5dc7_mv2.jpg/v1/fill/w_996,h_996,al_c,q_85,usm_0.66_1.00_0.01/30f7f1_9f54ff12b3ac448a9c8299d0b75e5dc7_mv2.jpg]
[static.wixstatic.com/media/30f7f1_7cf8300fb7cf40cbb9eab58c25091dd7_mv2.jpg/v1/fill/w_996,h_996,al_c,q_85,usm_0.66_1.00_0.01/30f7f1_7cf8300fb7cf40cbb9eab58c25091dd7_mv2.jpg]
[static.wixstatic.com/media/30f7f1_ffc252c1ec374a78b7b7916d884cac4a_mv2.jpg/v1/fill/w_996,h_996,al_c,q_85,usm_0.66_1.00_0.01/30f7f1_ffc252c1ec374a78b7b7916d884cac4a_mv2.jpg]
[static.wixstatic.com/media/30f7f1_79e23dfa0ea24d73bffc53c50470b55a_mv2.jpg/v1/fill/w_996,h_996,al_c,q_85,usm_0.66_1.00_0.01/30f7f1_79e23dfa0ea24d73bffc53c50470b55a_mv2.jpg]
[static.wixstatic.com/media/30f7f1_23dc54e802664968958cc6f89302ccaa_mv2.jpg/v1/fill/w_996,h_996,al_c,q_85,usm_0.66_1.00_0.01/30f7f1_23dc54e802664968958cc6f89302ccaa_mv2.jpg]
[static.wixstatic.com/media/30f7f1_bfc01021a9c5493b8c04d8ebfd27260f_mv2.jpg/v1/fill/w_996,h_996,al_c,q_85,usm_0.66_1.00_0.01/30f7f1_bfc01021a9c5493b8c04d8ebfd27260f_mv2.jpg]
[static.wixstatic.com/media/30f7f1_c7dcdbe06c4340b79225cb6439a0e52b_mv2.jpg/v1/fill/w_45,h_45,al_c,q_50,usm_0.66_1.00_0.01/30f7f1_c7dcdbe06c4340b79225cb6439a0e52b_mv2.jpg]
[static.wixstatic.com/media/30f7f1_3608185ab6ab483c93705c64c7f57031_mv2.jpg/v1/fill/w_45,h_45,al_c,q_50,usm_0.66_1.00_0.01/30f7f1_3608185ab6ab483c93705c64c7f57031_mv2.jpg]
[static.wixstatic.com/media/30f7f1_6afdb0ce7aa84a129701592ff1e53687_mv2.jpg/v1/fill/w_45,h_45,al_c,q_50,usm_0.66_1.00_0.01/30f7f1_6afdb0ce7aa84a129701592ff1e53687_mv2.jpg]
[static.wixstatic.com/media/30f7f1_9f54ff12b3ac448a9c8299d0b75e5dc7_mv2.jpg/v1/fill/w_45,h_45,al_c,q_50,usm_0.66_1.00_0.01/30f7f1_9f54ff12b3ac448a9c8299d0b75e5dc7_mv2.jpg]
[static.wixstatic.com/media/30f7f1_7cf8300fb7cf40cbb9eab58c25091dd7_mv2.jpg/v1/fill/w_45,h_45,al_c,q_50,usm_0.66_1.00_0.01/30f7f1_7cf8300fb7cf40cbb9eab58c25091dd7_mv2.jpg]
[static.wixstatic.com/media/30f7f1_ffc252c1ec374a78b7b7916d884cac4a_mv2.jpg/v1/fill/w_45,h_45,al_c,q_50,usm_0.66_1.00_0.01/30f7f1_ffc252c1ec374a78b7b7916d884cac4a_mv2.jpg]
[static.wixstatic.com/media/30f7f1_79e23dfa0ea24d73bffc53c50470b55a_mv2.jpg/v1/fill/w_45,h_45,al_c,q_50,usm_0.66_1.00_0.01/30f7f1_79e23dfa0ea24d73bffc53c50470b55a_mv2.jpg]
[static.wixstatic.com/media/30f7f1_23dc54e802664968958cc6f89302ccaa_mv2.jpg/v1/fill/w_45,h_45,al_c,q_50,usm_0.66_1.00_0.01/30f7f1_23dc54e802664968958cc6f89302ccaa_mv2.jpg]
[static.wixstatic.com/media/30f7f1_bfc01021a9c5493b8c04d8ebfd27260f_mv2.jpg/v1/fill/w_45,h_45,al_c,q_50,usm_0.66_1.00_0.01/30f7f1_bfc01021a9c5493b8c04d8ebfd27260f_mv2.jpg]
[www.poundhoundsresq.org/product-page/lil-angel-bandana.html]
[static.wixstatic.com/media/30f7f1_15816681a9da49799639fc041b894093_mv2.jpeg/v1/fill/w_996,h_1330,al_c,q_85,usm_0.66_1.00_0.01/30f7f1_15816681a9da49799639fc041b894093_mv2.jpg]
[static.wixstatic.com/media/30f7f1_15816681a9da49799639fc041b894093_mv2.jpeg/v1/fill/w_498,h_665,al_c,q_50,usm_0.66_1.00_0.01/30f7f1_15816681a9da49799639fc041b894093_mv2.jpg]
[www.poundhoundsresq.org/product-page/phr-logo-short-sleeve-t-shirt-womens.html]
[static.wixstatic.com/media/30f7f1_dc0c4521c5fc448b9ea6214b9a467493_mv2.jpg/v1/fill/w_996,h_1330,al_c,q_85,usm_0.66_1.00_0.01/30f7f1_dc0c4521c5fc448b9ea6214b9a467493_mv2.jpg]
[static.wixstatic.com/media/30f7f1_dc0c4521c5fc448b9ea6214b9a467493_mv2.jpg/v1/fill/w_498,h_665,al_c,q_50,usm_0.66_1.00_0.01/30f7f1_dc0c4521c5fc448b9ea6214b9a467493_mv2.jpg]
[www.poundhoundsresq.org/product-page/pound-hounds-res-q-logo-t-shirt.html]
[static.wixstatic.com/media/30f7f1_44068af5b04d4fbf80682c5441e5fe42_mv2.jpeg/v1/fill/w_996,h_1330,al_c,q_85,usm_0.66_1.00_0.01/30f7f1_44068af5b04d4fbf80682c5441e5fe42_mv2.jpg]
[static.wixstatic.com/media/30f7f1_44068af5b04d4fbf80682c5441e5fe42_mv2.jpeg/v1/fill/w_498,h_665,al_c,q_50,usm_0.66_1.00_0.01/30f7f1_44068af5b04d4fbf80682c5441e5fe42_mv2.jpg]
[www.poundhoundsresq.org/product-page/phr-logo-long-sleeve-womens.html]
[static.wixstatic.com/media/30f7f1_baf7afa3fe604e4bbaa4a6f57934b57d_mv2.jpg/v1/fill/w_996,h_1330,al_c,q_85,usm_0.66_1.00_0.01/30f7f1_baf7afa3fe604e4bbaa4a6f57934b57d_mv2.jpg]
[static.wixstatic.com/media/30f7f1_baf7afa3fe604e4bbaa4a6f57934b57d_mv2.jpg/v1/fill/w_498,h_665,al_c,q_50,usm_0.66_1.00_0.01/30f7f1_baf7afa3fe604e4bbaa4a6f57934b57d_mv2.jpg]
[www.poundhoundsresq.org/product-page/pound-hounds-resq-paint-strip-shirt-long-sleeve.html]
[static.wixstatic.com/media/30f7f1_d27dcb8587514d128399d24d9e8f1887_mv2.jpg/v1/fill/w_996,h_1330,al_c,q_85,usm_0.66_1.00_0.01/30f7f1_d27dcb8587514d128399d24d9e8f1887_mv2.jpg]
[static.wixstatic.com/media/30f7f1_d27dcb8587514d128399d24d9e8f1887_mv2.jpg/v1/fill/w_498,h_665,al_c,q_50,usm_0.66_1.00_0.01/30f7f1_d27dcb8587514d128399d24d9e8f1887_mv2.jpg]
[www.poundhoundsresq.org/product-page/phr-logo-pullover-hoodie-womens.html]
[static.wixstatic.com/media/30f7f1_5a70f63e3bac4d349c02c6ab1cd00fa1_mv2.jpg/v1/fill/w_996,h_1330,al_c,q_85,usm_0.66_1.00_0.01/30f7f1_5a70f63e3bac4d349c02c6ab1cd00fa1_mv2.jpg]
[static.wixstatic.com/media/30f7f1_5a70f63e3bac4d349c02c6ab1cd00fa1_mv2.jpg/v1/fill/w_498,h_665,al_c,q_50,usm_0.66_1.00_0.01/30f7f1_5a70f63e3bac4d349c02c6ab1cd00fa1_mv2.jpg]
[static.wixstatic.com/media/30f7f1_9105683696ed48bdb0ba16e698c75675_mv2.jpg/v1/fill/w_593,h_792,al_c,q_85/30f7f1_9105683696ed48bdb0ba16e698c75675_mv2.jpg]
[static.wixstatic.com/media/30f7f1_5a70f63e3bac4d349c02c6ab1cd00fa1_mv2.jpg/v1/fill/w_45,h_45,al_c,q_50,usm_0.66_1.00_0.01/30f7f1_5a70f63e3bac4d349c02c6ab1cd00fa1_mv2.jpg]
[static.wixstatic.com/media/30f7f1_9105683696ed48bdb0ba16e698c75675_mv2.jpg/v1/fill/w_45,h_45,al_c,q_50,usm_0.66_1.00_0.01/30f7f1_9105683696ed48bdb0ba16e698c75675_mv2.jpg]
[www.poundhoundsresq.org/product-page/pound-hounds-res-q-logo-zip-up-hoodie.html]
[www.poundhoundsresq.org/product-page/phr-logo-short-sleeve-t-shirt-mens.html]
[www.poundhoundsresq.org/product-page/pound-hounds-resq-paint-strip-shirt-short-sleeve-mens.html]
[www.poundhoundsresq.org/product-page/phr-logo-long-sleeve-mens.html]
[www.poundhoundsresq.org/product-page/pound-hounds-resq-paint-strip-shirt-long-sleeve-mens.html]
[www.poundhoundsresq.org/product-page/phr-logo-pullover-hoodie-mens.html]
[www.poundhoundsresq.org/product-page/pound-hounds-res-q-logo-pullover-hoodie.html]
[static.wixstatic.com/media/30f7f1_e32901e12fad407a9e3f3b4ebf0c4f8a_mv2.jpg/v1/fill/w_996,h_746,al_c,q_85,usm_0.66_1.00_0.01/30f7f1_e32901e12fad407a9e3f3b4ebf0c4f8a_mv2.jpg]
[static.wixstatic.com/media/30f7f1_e32901e12fad407a9e3f3b4ebf0c4f8a_mv2.jpg/v1/fill/w_498,h_373,al_c,q_50,usm_0.66_1.00_0.01/30f7f1_e32901e12fad407a9e3f3b4ebf0c4f8a_mv2.jpg]
[www.poundhoundsresq.org/product-page/phr-mask.html]
[static.wixstatic.com/media/30f7f1_d3997d6bb6594991bbe6588774223fee_mv2.jpg/v1/fill/w_996,h_1330,al_c,q_85,usm_0.66_1.00_0.01/30f7f1_d3997d6bb6594991bbe6588774223fee_mv2.jpg]
[static.wixstatic.com/media/30f7f1_d3997d6bb6594991bbe6588774223fee_mv2.jpg/v1/fill/w_498,h_665,al_c,q_50,usm_0.66_1.00_0.01/30f7f1_d3997d6bb6594991bbe6588774223fee_mv2.jpg]
[www.poundhoundsresq.org/product-page/pound-hounds-logo-cap.html]
[www.poundhoundsresq.org/product-page/pound-hounds-resq-logo-beanie.html]
[static.wixstatic.com/media/30f7f1_4347ebd3009b45b893cb728ed490453b_mv2.jpg/v1/fill/w_147,h_184,al_c,q_80,usm_0.66_1.00_0.01,blur_2,enc_auto/30f7f1_4347ebd3009b45b893cb728ed490453b_mv2.jpg]
[www.poundhoundsresq.org/product-page/pound-hounds-res-q-tote-bag.html]
[static.wixstatic.com/media/30f7f1_50809030854841bfa61afe04c1578aa3_mv2.jpg/v1/fill/w_147,h_184,al_c,q_80,usm_0.66_1.00_0.01,blur_2,enc_auto/30f7f1_50809030854841bfa61afe04c1578aa3_mv2.jpg]
[www.poundhoundsresq.org/product-page/pound-hounds-res-q-magnetic-bumper-sticker-6x6.html]
[static.wixstatic.com/media/30f7f1_954a4145c9684ae0913e29bb23748b03_mv2.jpg/v1/fill/w_144,h_144,al_c,q_80,usm_0.66_1.00_0.01,blur_2,enc_auto/30f7f1_954a4145c9684ae0913e29bb23748b03_mv2.jpg]
[www.poundhoundsresq.org/shop4658.html]
[www.poundhoundsresq.org/product-page/decodeURIComponent(e.html]
[www.poundhoundsresq.org/product-page/robots.html]
[www.poundhoundsresq.org/product-page/sitemap.html]
[www.poundhoundsresq.org/product-page/feed.html]
[www.poundhoundsresq.org/home-1.html]
[static.wixstatic.com/media/30f7f1_4347ebd3009b45b893cb728ed490453b_mv2.jpg/v1/fill/w_996,h_1330,al_c,q_85,usm_0.66_1.00_0.01/30f7f1_4347ebd3009b45b893cb728ed490453b_mv2.jpg]
[static.wixstatic.com/media/30f7f1_4347ebd3009b45b893cb728ed490453b_mv2.jpg/v1/fill/w_498,h_665,al_c,q_50,usm_0.66_1.00_0.01/30f7f1_4347ebd3009b45b893cb728ed490453b_mv2.jpg]
[www.poundhoundsresq.org/product-page/pound-hounds-resq-logo-beanie.html]
[static.wixstatic.com/media/30f7f1_50809030854841bfa61afe04c1578aa3_mv2.jpg/v1/fill/w_996,h_1330,al_c,q_85,usm_0.66_1.00_0.01/30f7f1_50809030854841bfa61afe04c1578aa3_mv2.jpg]
[static.wixstatic.com/media/30f7f1_50809030854841bfa61afe04c1578aa3_mv2.jpg/v1/fill/w_498,h_665,al_c,q_50,usm_0.66_1.00_0.01/30f7f1_50809030854841bfa61afe04c1578aa3_mv2.jpg]
[www.poundhoundsresq.org/product-page/pound-hounds-res-q-tote-bag.html]
[static.wixstatic.com/media/30f7f1_954a4145c9684ae0913e29bb23748b03_mv2.jpg/v1/fill/w_960,h_960,al_c,q_85/30f7f1_954a4145c9684ae0913e29bb23748b03_mv2.jpg]
[static.wixstatic.com/media/30f7f1_954a4145c9684ae0913e29bb23748b03_mv2.jpg/v1/fill/w_498,h_498,al_c,q_50,usm_0.66_1.00_0.01/30f7f1_954a4145c9684ae0913e29bb23748b03_mv2.jpg]
[www.poundhoundsresq.org/product-page/pound-hounds-res-q-magnetic-bumper-sticker-6x6.html]
